2023-12-22 20:53:17.644+0000 WARN  [o.n.k.i.JvmChecker] The max heap memory has not been configured. It is recommended that it is always explicitly configured, to ensure the system has a balanced configuration. Until then, a JVM computed heuristic of 2059403264 bytes is used instead. If you are running neo4j server, you need to configure server.memory.heap.max_size in neo4j.conf. If you are running neo4j embedded, you have to launch the JVM with -Xmx set to a value. You can run neo4j-admin server memory-recommendation for memory configuration suggestions.
2023-12-22 20:53:17.646+0000 WARN  [o.n.k.i.JvmChecker] The initial heap memory has not been configured. It is recommended that it is always explicitly configured, to ensure the system has a balanced configuration. Until then, a JVM computed heuristic of 130023424 bytes is used instead. If you are running neo4j server, you need to configure server.memory.heap.initial_size in neo4j.conf. If you are running neo4j embedded, you have to launch the JVM with -Xms set to a value. You can run neo4j-admin server memory-recommendation for memory configuration suggestions.
2023-12-22 20:53:17.792+0000 INFO  [o.n.i.d.DiagnosticsManager] 
                                                                ********************************************************************************
                                                                                             [ System diagnostics ]                             
                                                                ********************************************************************************
                                                                --------------------------------------------------------------------------------
                                                                                         [ System memory information ]                          
                                                                --------------------------------------------------------------------------------
                                                                Total Physical memory: 7.667GiB
                                                                Free Physical memory: 3.551GiB
                                                                Committed virtual memory: 5.190GiB
                                                                Total swap space: 1024MiB
                                                                Free swap space: 1024MiB
                                                                
                                                                --------------------------------------------------------------------------------
                                                                                           [ JVM memory information ]                           
                                                                --------------------------------------------------------------------------------
                                                                Free  memory: 49.07MiB
                                                                Total memory: 126.0MiB
                                                                Max   memory: 1.918GiB
                                                                Garbage Collector: G1 Young Generation: [G1 Eden Space, G1 Survivor Space, G1 Old Gen]
                                                                Garbage Collector: G1 Old Generation: [G1 Eden Space, G1 Survivor Space, G1 Old Gen]
                                                                Memory Pool: CodeHeap 'non-nmethods' (Non-heap memory): committed=2.438MiB, used=1.201MiB, max=5.566MiB, threshold=0B
                                                                Memory Pool: Metaspace (Non-heap memory): committed=20.75MiB, used=20.47MiB, max=-1B, threshold=0B
                                                                Memory Pool: CodeHeap 'profiled nmethods' (Non-heap memory): committed=5.250MiB, used=5.228MiB, max=117.2MiB, threshold=0B
                                                                Memory Pool: Compressed Class Space (Non-heap memory): committed=2.375MiB, used=2.247MiB, max=1.000GiB, threshold=0B
                                                                Memory Pool: G1 Eden Space (Heap memory): committed=62.00MiB, used=46.00MiB, max=-1B, threshold=?
                                                                Memory Pool: G1 Old Gen (Heap memory): committed=58.00MiB, used=23.43MiB, max=1.918GiB, threshold=0B
                                                                Memory Pool: G1 Survivor Space (Heap memory): committed=6.000MiB, used=6.000MiB, max=-1B, threshold=?
                                                                Memory Pool: CodeHeap 'non-profiled nmethods' (Non-heap memory): committed=2.438MiB, used=1.378MiB, max=117.2MiB, threshold=0B
                                                                
                                                                --------------------------------------------------------------------------------
                                                                                        [ Operating system information ]                        
                                                                --------------------------------------------------------------------------------
                                                                Operating System: Linux; version: 5.10.124-linuxkit; arch: aarch64; cpus: 5
                                                                Max number of file descriptors: 1048576
                                                                Number of open file descriptors: 191
                                                                Process id: 7
                                                                Byte order: LITTLE_ENDIAN
                                                                Local timezone: Etc/UTC
                                                                
                                                                --------------------------------------------------------------------------------
                                                                                              [ JVM information ]                               
                                                                --------------------------------------------------------------------------------
                                                                VM Name: OpenJDK 64-Bit Server VM
                                                                VM Vendor: Eclipse Adoptium
                                                                VM Version: 17.0.6+10
                                                                JIT compiler: HotSpot 64-Bit Tiered Compilers
                                                                VM Arguments: [-XX:+UseG1GC, -XX:-OmitStackTraceInFastThrow, -XX:+AlwaysPreTouch, -XX:+UnlockExperimentalVMOptions, -XX:+TrustFinalNonStaticFields, -XX:+DisableExplicitGC, -Djdk.nio.maxCachedBufferSize=1024, -Dio.netty.tryReflectionSetAccessible=true, -Djdk.tls.ephemeralDHKeySize=2048, -Djdk.tls.rejectClientInitiatedRenegotiation=true, -XX:FlightRecorderOptions=stackdepth=256, -XX:+UnlockDiagnosticVMOptions, -XX:+DebugNonSafepoints, --add-opens=java.base/java.nio=ALL-UNNAMED, --add-opens=java.base/java.io=ALL-UNNAMED, --add-opens=java.base/sun.nio.ch=ALL-UNNAMED, -Dlog4j2.disable.jmx=true, -Dfile.encoding=UTF-8]
                                                                
                                                                --------------------------------------------------------------------------------
                                                                                               [ Java classpath ]                               
                                                                --------------------------------------------------------------------------------
                                                                 [classpath] /var/lib/neo4j/lib/lucene-backward-codecs-9.5.0.jar
                                                                 [classpath] /var/lib/neo4j/lib/netty-transport-4.1.87.Final.jar
                                                                 [classpath] /var/lib/neo4j/lib/jetty-io-9.4.50.v20221201.jar
                                                                 [classpath] /var/lib/neo4j/lib/neo4j-cypher-javacc-parser-5.6.0.jar
                                                                 [classpath] /var/lib/neo4j/lib/jetty-servlet-9.4.50.v20221201.jar
                                                                 [classpath] /var/lib/neo4j/lib/commons-math3-3.6.1.jar
                                                                 [classpath] /var/lib/neo4j/lib/neo4j-browser-5.4.0.jar
                                                                 [classpath] /var/lib/neo4j/lib/jPowerShell-3.0.jar
                                                                 [classpath] /var/lib/neo4j/lib/netty-transport-native-kqueue-4.1.87.Final-osx-x86_64.jar
                                                                 [classpath] /var/lib/neo4j/lib/mercator_2.13-0.2.1.jar
                                                                 [classpath] /var/lib/neo4j/lib/jaxb-runtime-2.3.2.jar
                                                                 [classpath] /var/lib/neo4j/lib/reactive-streams-1.0.4.jar
                                                                 [classpath] /var/lib/neo4j/lib/neo4j-layout-5.6.0.jar
                                                                 [classpath] /var/lib/neo4j/lib/netty-codec-http-4.1.87.Final.jar
                                                                 [classpath] /var/lib/neo4j/lib/neo4j-ssl-5.6.0.jar
                                                                 [classpath] /var/lib/neo4j/lib/neo4j-cypher-ast-factory-5.6.0.jar
                                                                 [classpath] /var/lib/neo4j/lib/neo4j-procedure-5.6.0.jar
                                                                 [classpath] /var/lib/neo4j/lib/neo4j-procedure-api-5.6.0.jar
                                                                 [classpath] /var/lib/neo4j/lib/neo4j-security-5.6.0.jar
                                                                 [classpath] /var/lib/neo4j/lib/cypher-literal-interpreter-5.6.0.jar
                                                                 [classpath] /var/lib/neo4j/lib/javassist-3.25.0-GA.jar
                                                                 [classpath] /var/lib/neo4j/lib/jetty-http-9.4.50.v20221201.jar
                                                                 [classpath] /var/lib/neo4j/lib/neo4j-server-5.6.0.jar
                                                                 [classpath] /var/lib/neo4j/lib/neo4j-concurrent-5.6.0.jar
                                                                 [classpath] /var/lib/neo4j/lib/commons-compress-1.22.jar
                                                                 [classpath] /var/lib/neo4j/lib/neo4j-fabric-5.6.0.jar
                                                                 [classpath] /var/lib/neo4j/lib/jersey-container-servlet-2.34.jar
                                                                 [classpath] /var/lib/neo4j/lib/neo4j-codegen-5.6.0.jar
                                                                 [classpath] /var/lib/neo4j/lib/jackson-jaxrs-json-provider-2.14.2.jar
                                                                 [classpath] /var/lib/neo4j/lib/neo4j-graph-algo-5.6.0.jar
                                                                 [classpath] /var/lib/neo4j/lib/jettison-1.5.3.jar
                                                                 [classpath] /var/lib/neo4j/lib/log4j-layout-template-json-2.19.0.jar
                                                                 [classpath] /var/lib/neo4j/lib/neo4j-rewriting-5.6.0.jar
                                                                 [classpath] /var/lib/neo4j/conf/*
                                                                 [classpath] /var/lib/neo4j/lib/shiro-lang-1.11.0.jar
                                                                 [classpath] /var/lib/neo4j/lib/reactor-core-3.5.2.jar
                                                                 [classpath] /var/lib/neo4j/lib/WMI4Java-1.6.3.jar
                                                                 [classpath] /var/lib/neo4j/lib/jakarta.xml.bind-api-2.3.2.jar
                                                                 [classpath] /var/lib/neo4j/lib/jProcesses-1.6.5.jar
                                                                 [classpath] /var/lib/neo4j/lib/neo4j-cypher-cache-5.6.0.jar
                                                                 [classpath] /var/lib/neo4j/lib/shiro-crypto-core-1.11.0.jar
                                                                 [classpath] /var/lib/neo4j/lib/neo4j-configuration-5.6.0.jar
                                                                 [classpath] /var/lib/neo4j/lib/commons-collections-3.2.2.jar
                                                                 [classpath] /var/lib/neo4j/lib/neo4j-dbms-5.6.0.jar
                                                                 [classpath] /var/lib/neo4j/lib/neo4j-ast-5.6.0.jar
                                                                 [classpath] /var/lib/neo4j/lib/hk2-locator-2.6.1.jar
                                                                 [classpath] /var/lib/neo4j/lib/jersey-common-2.34.jar
                                                                 [classpath] /var/lib/neo4j/lib/zstd-jni-1.5.2-5.jar
                                                                 [classpath] /var/lib/neo4j/lib/commons-configuration2-2.8.0.jar
                                                                 [classpath] /var/lib/neo4j/lib/neo4j-java-driver-5.5.0.jar
                                                                 [classpath] /var/lib/neo4j/lib/neo4j-cypher-config-5.6.0.jar
                                                                 [classpath] /var/lib/neo4j/lib/eclipse-collections-api-11.1.0.jar
                                                                 [classpath] /var/lib/neo4j/lib/shiro-crypto-cipher-1.11.0.jar
                                                                 [classpath] /var/lib/neo4j/lib/jersey-container-servlet-core-2.34.jar
                                                                 [classpath] /var/lib/neo4j/lib/neo4j-resource-5.6.0.jar
                                                                 [classpath] /var/lib/neo4j/lib/commons-text-1.10.0.jar
                                                                 [classpath] /var/lib/neo4j/lib/jansi-2.4.0.jar
                                                                 [classpath] /var/lib/neo4j/lib/neo4j-cypher-ir-5.6.0.jar
                                                                 [classpath] /var/lib/neo4j/lib/neo4j-graphdb-api-5.6.0.jar
                                                                 [classpath] /var/lib/neo4j/lib/scala-reflect-2.13.10.jar
                                                                 [classpath] /var/lib/neo4j/lib/ipaddress-5.4.0.jar
                                                                 [classpath] /var/lib/neo4j/lib/jline-terminal-3.21.0.jar
                                                                 [classpath] /var/lib/neo4j/lib/netty-transport-native-kqueue-4.1.87.Final-osx-aarch_64.jar
                                                                 [classpath] /var/lib/neo4j/lib/jackson-annotations-2.14.2.jar
                                                                 [classpath] /var/lib/neo4j/lib/lz4-java-1.8.0.jar
                                                                 [classpath] /var/lib/neo4j/lib/neo4j-csv-5.6.0.jar
                                                                 [classpath] /var/lib/neo4j/lib/neo4j-collections-5.6.0.jar
                                                                 [classpath] /var/lib/neo4j/lib/jackson-core-2.14.2.jar
                                                                 [classpath] /var/lib/neo4j/lib/log4j-api-2.19.0.jar
                                                                 [classpath] /var/lib/neo4j/lib/neo4j-expressions-5.6.0.jar
                                                                 [classpath] /var/lib/neo4j/lib/jakarta.ws.rs-api-2.1.6.jar
                                                                 [classpath] /var/lib/neo4j/lib/neo4j-bolt-5.6.0.jar
                                                                 [classpath] /var/lib/neo4j/lib/neo4j-consistency-check-5.6.0.jar
                                                                 [classpath] /var/lib/neo4j/lib/jline-terminal-jansi-3.21.0.jar
                                                                 [classpath] /var/lib/neo4j/lib/hk2-api-2.6.1.jar
                                                                 [classpath] /var/lib/neo4j/lib/neo4j-capabilities-5.6.0.jar
                                                                 [classpath] /var/lib/neo4j/lib/shiro-event-1.11.0.jar
                                                                 [classpath] /var/lib/neo4j/lib/neo4j-util-5.6.0.jar
                                                                 [classpath] /var/lib/neo4j/lib/slf4j-api-2.0.6.jar
                                                                 [classpath] /var/lib/neo4j/lib/istack-commons-runtime-3.0.8.jar
                                                                 [classpath] /var/lib/neo4j/lib/jackson-jaxrs-base-2.14.2.jar
                                                                 [classpath] /var/lib/neo4j/lib/neo4j-lucene-index-5.6.0.jar
                                                                 [classpath] /var/lib/neo4j/lib/neo4j-cypher-planner-5.6.0.jar
                                                                 [classpath] /var/lib/neo4j/lib/netty-resolver-4.1.87.Final.jar
                                                                 [classpath] /var/lib/neo4j/lib/eclipse-collections-11.1.0.jar
                                                                 [classpath] /var/lib/neo4j/lib/neo4j-bootcheck-5.6.0.jar
                                                                 [classpath] /var/lib/neo4j/lib/jackson-module-jaxb-annotations-2.14.2.jar
                                                                 [classpath] /var/lib/neo4j/lib/neo4j-kernel-api-5.6.0.jar
                                                                 [classpath] /var/lib/neo4j/lib/commons-io-2.11.0.jar
                                                                 [classpath] /var/lib/neo4j/lib/neo4j-fulltext-index-5.6.0.jar
                                                                 [classpath] /var/lib/neo4j/lib/neo4j-unsafe-5.6.0.jar
                                                                 [classpath] /var/lib/neo4j/lib/lucene-analysis-common-9.5.0.jar
                                                                 [classpath] /var/lib/neo4j/lib/neo4j-cypher-interpreted-runtime-5.6.0.jar
                                                                 [classpath] /var/lib/neo4j/lib/neo4j-values-5.6.0.jar
                                                                 [classpath] /var/lib/neo4j/lib/neo4j-push-to-cloud-5.6.0.jar
                                                                 [classpath] /var/lib/neo4j/lib/jakarta.activation-api-1.2.2.jar
                                                                 [classpath] /var/lib/neo4j/lib/neo4j-io-5.6.0.jar
                                                                 [classpath] /var/lib/neo4j/lib/jakarta.validation-api-2.0.2.jar
                                                                 [classpath] /var/lib/neo4j/lib/netty-common-4.1.87.Final.jar
                                                                 [classpath] /var/lib/neo4j/lib/kiama_2.13-2.5.0.jar
                                                                 [classpath] /var/lib/neo4j/lib/magnolia_2.13-0.17.0.jar
                                                                 [classpath] /var/lib/neo4j/lib/neo4j-cypher-expression-evaluator-5.6.0.jar
                                                                 [classpath] /var/lib/neo4j/lib/neo4j-schema-5.6.0.jar
                                                                 [classpath] /var/lib/neo4j/lib/jctools-core-4.0.1.jar
                                                                 [classpath] /var/lib/neo4j/lib/neo4j-data-collector-5.6.0.jar
                                                                 [classpath] /var/lib/neo4j/lib/jakarta.inject-2.6.1.jar
                                                                 [classpath] /var/lib/neo4j/lib/shiro-config-core-1.11.0.jar
                                                                 [classpath] /var/lib/neo4j/lib/hk2-utils-2.6.1.jar
                                                                 [classpath] /var/lib/neo4j/lib/cypher-shell-5.6.0.jar
                                                                 [classpath] /var/lib/neo4j/lib/stax-ex-1.8.1.jar
                                                                 [classpath] /var/lib/neo4j/lib/txw2-2.3.2.jar
                                                                 [classpath] /var/lib/neo4j/lib/shiro-crypto-hash-1.11.0.jar
                                                                 [classpath] /var/lib/neo4j/lib/neo4j-cypher-5.6.0.jar
                                                                 [classpath] /var/lib/neo4j/lib/jetty-security-9.4.50.v20221201.jar
                                                                 [classpath] /var/lib/neo4j/lib/zstd-proxy-5.6.0.jar
                                                                 [classpath] /var/lib/neo4j/lib/jetty-util-9.4.50.v20221201.jar
                                                                 [classpath] /var/lib/neo4j/lib/caffeine-3.1.2.jar
                                                                 [classpath] /var/lib/neo4j/lib/jline-reader-3.21.0.jar
                                                                 [classpath] /var/lib/neo4j/lib/neo4j-kernel-5.6.0.jar
                                                                 [classpath] /var/lib/neo4j/lib/FastInfoset-1.2.16.jar
                                                                 [classpath] /var/lib/neo4j/lib/neo4j-wal-5.6.0.jar
                                                                 [classpath] /var/lib/neo4j/lib/neo4j-cypher-slotted-runtime-5.6.0.jar
                                                                 [classpath] /var/lib/neo4j/lib/netty-tcnative-classes-2.0.56.Final.jar
                                                                 [classpath] /var/lib/neo4j/lib/neo4j-exceptions-5.6.0.jar
                                                                 [classpath] /var/lib/neo4j/lib/jetty-webapp-9.4.50.v20221201.jar
                                                                 [classpath] /var/lib/neo4j/lib/neo4j-logging-5.6.0.jar
                                                                 [classpath] /var/lib/neo4j/lib/argparse4j-0.9.0.jar
                                                                 [classpath] /var/lib/neo4j/lib/neo4j-diagnostics-5.6.0.jar
                                                                 [classpath] /var/lib/neo4j/lib/commons-logging-1.2.jar
                                                                 [classpath] /var/lib/neo4j/lib/jna-5.13.0.jar
                                                                 [classpath] /var/lib/neo4j/lib/neo4j-5.6.0.jar
                                                                 [classpath] /var/lib/neo4j/lib/neo4j-front-end-5.6.0.jar
                                                                 [classpath] /var/lib/neo4j/lib/scala-library-2.13.10.jar
                                                                 [classpath] /var/lib/neo4j/lib/jetty-xml-9.4.50.v20221201.jar
                                                                 [classpath] /var/lib/neo4j/lib/lucene-queryparser-9.5.0.jar
                                                                 [classpath] /var/lib/neo4j/lib/server-api-5.6.0.jar
                                                                 [classpath] /var/lib/neo4j/lib/lucene-core-9.5.0.jar
                                                                 [classpath] /var/lib/neo4j/lib/neo4j-common-5.6.0.jar
                                                                 [classpath] /var/lib/neo4j/lib/neo4j-record-storage-engine-5.6.0.jar
                                                                 [classpath] /var/lib/neo4j/lib/cypher-ast-factory-5.6.0.jar
                                                                 [classpath] /var/lib/neo4j/lib/netty-transport-native-epoll-4.1.87.Final-linux-x86_64.jar
                                                                 [classpath] /var/lib/neo4j/lib/slf4j-nop-2.0.6.jar
                                                                 [classpath] /var/lib/neo4j/lib/shiro-cache-1.11.0.jar
                                                                 [classpath] /var/lib/neo4j/lib/neo4j-native-5.6.0.jar
                                                                 [classpath] /var/lib/neo4j/lib/picocli-4.7.1.jar
                                                                 [classpath] /var/lib/neo4j/lib/neo4j-index-5.6.0.jar
                                                                 [classpath] /var/lib/neo4j/lib/netty-transport-native-unix-common-4.1.87.Final.jar
                                                                 [classpath] /var/lib/neo4j/lib/jetty-server-9.4.50.v20221201.jar
                                                                 [classpath] /var/lib/neo4j/lib/netty-transport-classes-kqueue-4.1.87.Final.jar
                                                                 [classpath] /var/lib/neo4j/lib/neo4j-cypher-planner-spi-5.6.0.jar
                                                                 [classpath] /var/lib/neo4j/lib/neo4j-import-util-5.6.0.jar
                                                                 [classpath] /var/lib/neo4j/lib/netty-transport-classes-epoll-4.1.87.Final.jar
                                                                 [classpath] /var/lib/neo4j/lib/neo4j-spatial-index-5.6.0.jar
                                                                 [classpath] /var/lib/neo4j/lib/neo4j-cypher-physical-planning-5.6.0.jar
                                                                 [classpath] /var/lib/neo4j/lib/neo4j-id-generator-5.6.0.jar
                                                                 [classpath] /var/lib/neo4j/lib/jakarta.annotation-api-1.3.5.jar
                                                                 [classpath] /var/lib/neo4j/lib/neo4j-storage-engine-util-5.6.0.jar
                                                                 [classpath] /var/lib/neo4j/lib/neo4j-cypher-macros-5.6.0.jar
                                                                 [classpath] /var/lib/neo4j/lib/log4j-core-2.19.0.jar
                                                                 [classpath] /var/lib/neo4j/lib/netty-handler-4.1.87.Final.jar
                                                                 [classpath] /var/lib/neo4j/lib/commons-lang3-3.12.0.jar
                                                                 [classpath] /var/lib/neo4j/lib/netty-buffer-4.1.87.Final.jar
                                                                 [classpath] /var/lib/neo4j/lib/annotations-5.6.0.jar
                                                                 [classpath] /var/lib/neo4j/lib/jackson-databind-2.14.2.jar
                                                                 [classpath] /var/lib/neo4j/lib/netty-codec-4.1.87.Final.jar
                                                                 [classpath] /var/lib/neo4j/lib/neo4j-monitoring-5.6.0.jar
                                                                 [classpath] /var/lib/neo4j/lib/javax.servlet-api-3.1.0.jar
                                                                 [classpath] /var/lib/neo4j/lib/neo4j-cypher-runtime-util-5.6.0.jar
                                                                 [classpath] /var/lib/neo4j/lib/commons-beanutils-1.9.4.jar
                                                                 [classpath] /var/lib/neo4j/lib/neo4j-token-api-5.6.0.jar
                                                                 [classpath] /var/lib/neo4j/lib/jersey-server-2.34.jar
                                                                 [classpath] /var/lib/neo4j/lib/neo4j-cypher-logical-plans-5.6.0.jar
                                                                 [classpath] /var/lib/neo4j/lib/shiro-config-ogdl-1.11.0.jar
                                                                 [classpath] /var/lib/neo4j/lib/shiro-core-1.11.0.jar
                                                                 [classpath] /var/lib/neo4j/lib/neo4j-lock-5.6.0.jar
                                                                 [classpath] /var/lib/neo4j/lib/netty-transport-native-epoll-4.1.87.Final-linux-aarch_64.jar
                                                                 [classpath] /var/lib/neo4j/lib/neo4j-command-line-5.6.0.jar
                                                                 [classpath] /var/lib/neo4j/lib/jersey-client-2.34.jar
                                                                 [classpath] /var/lib/neo4j/lib/neo4j-import-tool-5.6.0.jar
                                                                 [classpath] /var/lib/neo4j/lib/jersey-hk2-2.34.jar
                                                                
                                                                --------------------------------------------------------------------------------
                                                                                                [ Library path ]                                
                                                                --------------------------------------------------------------------------------
                                                                /usr/java/packages/lib
                                                                /usr/lib64
                                                                /lib64
                                                                /lib
                                                                /usr/lib
                                                                
                                                                --------------------------------------------------------------------------------
                                                                                             [ System properties ]                              
                                                                --------------------------------------------------------------------------------
                                                                jdk.tls.rejectClientInitiatedRenegotiation = true
                                                                sun.jnu.encoding = ANSI_X3.4-1968
                                                                sun.arch.data.model = 64
                                                                user.timezone = Etc/UTC
                                                                sun.java.launcher = SUN_STANDARD
                                                                user.country = US
                                                                sun.boot.library.path = /opt/java/openjdk/lib
                                                                sun.java.command = org.neo4j.server.CommunityEntryPoint --home-dir=/var/lib/neo4j --config-dir=/var/lib/neo4j/conf --console-mode
                                                                jdk.debug = release
                                                                io.netty.tryReflectionSetAccessible = true
                                                                sun.cpu.endian = little
                                                                user.home = /var/lib/neo4j
                                                                user.language = en
                                                                file.separator = /
                                                                jdk.tls.ephemeralDHKeySize = 2048
                                                                sun.management.compiler = HotSpot 64-Bit Tiered Compilers
                                                                user.name = neo4j
                                                                jdk.nio.maxCachedBufferSize = 1024
                                                                path.separator = :
                                                                file.encoding = UTF-8
                                                                jnidispatch.path = /var/lib/neo4j/.cache/JNA/temp/jna10346306456552745021.tmp
                                                                jna.loaded = true
                                                                user.dir = /var/lib/neo4j
                                                                native.encoding = ANSI_X3.4-1968
                                                                sun.io.unicode.encoding = UnicodeLittle
                                                                log4j2.disable.jmx = true
                                                                
                                                                --------------------------------------------------------------------------------
                                                                                      [ (IANA) TimeZone database version ]                      
                                                                --------------------------------------------------------------------------------
                                                                  TimeZone version: 2022g (available for 603 zone identifiers)
                                                                
                                                                --------------------------------------------------------------------------------
                                                                                            [ Network information ]                             
                                                                --------------------------------------------------------------------------------
                                                                Interface eth0:
                                                                    address: 172.24.0.2
                                                                Interface lo:
                                                                    address: 127.0.0.1
                                                                
                                                                --------------------------------------------------------------------------------
                                                                                         [ Native access information ]                          
                                                                --------------------------------------------------------------------------------
                                                                Native access details: Linux native access is available.
                                                                
                                                                --------------------------------------------------------------------------------
                                                                                                [ DBMS config ]                                 
                                                                --------------------------------------------------------------------------------
                                                                DBMS provided settings:
                                                                db.tx_log.rotation.retention_policy=100M size
                                                                server.bolt.enabled=true
                                                                server.default_listen_address=0.0.0.0
                                                                server.directories.import=/var/lib/neo4j/import
                                                                server.directories.logs=/logs
                                                                server.directories.neo4j_home=/var/lib/neo4j
                                                                server.directories.plugins=/plugins
                                                                server.http.enabled=true
                                                                server.https.enabled=false
                                                                server.jvm.additional=-XX:+UseG1GC
-XX:-OmitStackTraceInFastThrow
-XX:+AlwaysPreTouch
-XX:+UnlockExperimentalVMOptions
-XX:+TrustFinalNonStaticFields
-XX:+DisableExplicitGC
-Djdk.nio.maxCachedBufferSize=1024
-Dio.netty.tryReflectionSetAccessible=true
-Djdk.tls.ephemeralDHKeySize=2048
-Djdk.tls.rejectClientInitiatedRenegotiation=true
-XX:FlightRecorderOptions=stackdepth=256
-XX:+UnlockDiagnosticVMOptions
-XX:+DebugNonSafepoints
--add-opens=java.base/java.nio=ALL-UNNAMED
--add-opens=java.base/java.io=ALL-UNNAMED
--add-opens=java.base/sun.nio.ch=ALL-UNNAMED
-Dlog4j2.disable.jmx=true
                                                                server.memory.pagecache.size=512.00MiB
                                                                server.windows_service_name=neo4j
                                                                Directories in use:
                                                                server.directories.data=/var/lib/neo4j/data
                                                                server.directories.dumps.root=/var/lib/neo4j/data/dumps
                                                                server.directories.import=/var/lib/neo4j/import
                                                                server.directories.lib=/var/lib/neo4j/lib
                                                                server.directories.licenses=/var/lib/neo4j/licenses
                                                                server.directories.logs=/logs
                                                                server.directories.neo4j_home=/var/lib/neo4j
                                                                server.directories.plugins=/plugins
                                                                server.directories.run=/var/lib/neo4j/run
                                                                server.directories.script.root=/var/lib/neo4j/data/scripts
                                                                server.directories.transaction.logs.root=/var/lib/neo4j/data/transactions
                                                                
                                                                --------------------------------------------------------------------------------
                                                                                                 [ Packaging ]                                  
                                                                --------------------------------------------------------------------------------
                                                                Edition: Community
                                                                Package Type: tar
                                                                
2023-12-22 20:53:17.827+0000 INFO  [o.n.d.i.DefaultIdentityModule] Generated new ServerId: ServerId{e531fc26} (e531fc26-6958-43f5-85e0-f5d9479cd638)
2023-12-22 20:53:17.830+0000 INFO  [o.n.d.i.DefaultIdentityModule] This instance is ServerId{e531fc26} (e531fc26-6958-43f5-85e0-f5d9479cd638)
2023-12-22 20:53:18.163+0000 INFO  [o.n.s.CommunityNeoWebServer] ======== Neo4j 5.6.0 ========
2023-12-22 20:53:18.170+0000 INFO  [o.n.d.d.DatabaseLifecycles] Creating 'DatabaseId{00000000[system]}'.
2023-12-22 20:53:18.220+0000 INFO  [o.n.b.BoltServer] Using connector transport epoll
2023-12-22 20:53:18.242+0000 INFO  [o.n.b.BoltServer] Configured external Bolt connector with listener address /0.0.0.0:7687
2023-12-22 20:53:18.243+0000 INFO  [o.n.b.BoltServer] Bolt server loaded
2023-12-22 20:53:18.263+0000 INFO  [o.n.d.d.DatabaseLifecycles] Starting 'DatabaseId{00000000[system]}'.
2023-12-22 20:53:18.612+0000 INFO  [o.n.i.d.DiagnosticsManager] [system/00000000] 
                                                                [system/00000000] ********************************************************************************
                                                                [system/00000000]                               [ Database: system ]                              
                                                                [system/00000000] ********************************************************************************
                                                                [system/00000000] --------------------------------------------------------------------------------
                                                                [system/00000000]                                   [ Version ]                                   
                                                                [system/00000000] --------------------------------------------------------------------------------
                                                                [system/00000000] DBMS: community record-aligned-1.1
                                                                [system/00000000] Kernel version: 5.6.0
                                                                [system/00000000] 
                                                                [system/00000000] --------------------------------------------------------------------------------
                                                                [system/00000000]                                 [ Store files ]                                 
                                                                [system/00000000] --------------------------------------------------------------------------------
                                                                [system/00000000] Disk space on partition (Total / Free / Free %): 994662584320 / 504936820736 / 50
                                                                [system/00000000] Storage files stored on file store: fuse.grpcfuse
                                                                [system/00000000] Storage files: (filename : modification date - size)
                                                                [system/00000000]   neostore: 2023-12-22 20:53:18.514+0000 - 8.000KiB
                                                                [system/00000000]   neostore.counts.db: 2023-12-22 20:53:18.524+0000 - 0B
                                                                [system/00000000]   neostore.indexstats.db: 2023-12-22 20:53:18.550+0000 - 0B
                                                                [system/00000000]   neostore.labeltokenstore.db: 2023-12-22 20:53:18.493+0000 - 0B
                                                                [system/00000000]   neostore.labeltokenstore.db.id: 2023-12-22 20:53:18.491+0000 - 0B
                                                                [system/00000000]   neostore.labeltokenstore.db.names: 2023-12-22 20:53:18.483+0000 - 8.000KiB
                                                                [system/00000000]   neostore.labeltokenstore.db.names.id: 2023-12-22 20:53:18.481+0000 - 0B
                                                                [system/00000000]   neostore.nodestore.db: 2023-12-22 20:53:18.424+0000 - 0B
                                                                [system/00000000]   neostore.nodestore.db.id: 2023-12-22 20:53:18.422+0000 - 0B
                                                                [system/00000000]   neostore.nodestore.db.labels: 2023-12-22 20:53:18.415+0000 - 8.000KiB
                                                                [system/00000000]   neostore.nodestore.db.labels.id: 2023-12-22 20:53:18.403+0000 - 0B
                                                                [system/00000000]   neostore.propertystore.db: 2023-12-22 20:53:18.459+0000 - 0B
                                                                [system/00000000]   neostore.propertystore.db.arrays: 2023-12-22 20:53:18.453+0000 - 8.000KiB
                                                                [system/00000000]   neostore.propertystore.db.arrays.id: 2023-12-22 20:53:18.450+0000 - 0B
                                                                [system/00000000]   neostore.propertystore.db.id: 2023-12-22 20:53:18.457+0000 - 0B
                                                                [system/00000000]   neostore.propertystore.db.index: 2023-12-22 20:53:18.438+0000 - 0B
                                                                [system/00000000]   neostore.propertystore.db.index.id: 2023-12-22 20:53:18.435+0000 - 0B
                                                                [system/00000000]   neostore.propertystore.db.index.keys: 2023-12-22 20:53:18.431+0000 - 8.000KiB
                                                                [system/00000000]   neostore.propertystore.db.index.keys.id: 2023-12-22 20:53:18.428+0000 - 0B
                                                                [system/00000000]   neostore.propertystore.db.strings: 2023-12-22 20:53:18.447+0000 - 8.000KiB
                                                                [system/00000000]   neostore.propertystore.db.strings.id: 2023-12-22 20:53:18.443+0000 - 0B
                                                                [system/00000000]   neostore.relationshipgroupstore.db: 2023-12-22 20:53:18.507+0000 - 8.000KiB
                                                                [system/00000000]   neostore.relationshipgroupstore.db.id: 2023-12-22 20:53:18.504+0000 - 0B
                                                                [system/00000000]   neostore.relationshipgroupstore.degrees.db: 2023-12-22 20:53:18.540+0000 - 0B
                                                                [system/00000000]   neostore.relationshipstore.db: 2023-12-22 20:53:18.465+0000 - 0B
                                                                [system/00000000]   neostore.relationshipstore.db.id: 2023-12-22 20:53:18.463+0000 - 0B
                                                                [system/00000000]   neostore.relationshiptypestore.db: 2023-12-22 20:53:18.477+0000 - 0B
                                                                [system/00000000]   neostore.relationshiptypestore.db.id: 2023-12-22 20:53:18.475+0000 - 0B
                                                                [system/00000000]   neostore.relationshiptypestore.db.names: 2023-12-22 20:53:18.471+0000 - 8.000KiB
                                                                [system/00000000]   neostore.relationshiptypestore.db.names.id: 2023-12-22 20:53:18.468+0000 - 0B
                                                                [system/00000000]   neostore.schemastore.db: 2023-12-22 20:53:18.500+0000 - 8.000KiB
                                                                [system/00000000]   neostore.schemastore.db.id: 2023-12-22 20:53:18.496+0000 - 0B
                                                                [system/00000000] Storage summary: 
                                                                [system/00000000]   Total size of store: 72.00KiB
                                                                [system/00000000]   Total size of mapped files: 72.00KiB
                                                                [system/00000000] 
                                                                [system/00000000] --------------------------------------------------------------------------------
                                                                [system/00000000]                               [ Transaction log ]                               
                                                                [system/00000000] --------------------------------------------------------------------------------
                                                                [system/00000000] Transaction log files stored on file store: fuse.grpcfuse
                                                                [system/00000000] Transaction log metadata:
                                                                [system/00000000]  - current kernel version used in transactions: V5_0
                                                                [system/00000000]  - last committed transaction id: 1
                                                                [system/00000000] Transaction log files:
                                                                [system/00000000]  - existing transaction log versions: -1--1
                                                                [system/00000000]  - no transactions found
                                                                [system/00000000] Checkpoint log files:
                                                                [system/00000000]  - existing checkpoint log versions: -1--1
                                                                [system/00000000]  - no checkpoints found
                                                                [system/00000000] 
                                                                [system/00000000] --------------------------------------------------------------------------------
                                                                [system/00000000]                                   [ Id usage ]                                  
                                                                [system/00000000] --------------------------------------------------------------------------------
                                                                [system/00000000] ArrayPropertyStore[neostore.nodestore.db.labels]: used=1 high=0
                                                                [system/00000000] NodeStore[neostore.nodestore.db]: used=0 high=-1
                                                                [system/00000000] StringPropertyStore[neostore.propertystore.db.index.keys]: used=1 high=0
                                                                [system/00000000] PropertyIndexStore[neostore.propertystore.db.index]: used=0 high=-1
                                                                [system/00000000] StringPropertyStore[neostore.propertystore.db.strings]: used=1 high=0
                                                                [system/00000000] ArrayPropertyStore[neostore.propertystore.db.arrays]: used=1 high=0
                                                                [system/00000000] PropertyStore[neostore.propertystore.db]: used=0 high=-1
                                                                [system/00000000] RelationshipStore[neostore.relationshipstore.db]: used=0 high=-1
                                                                [system/00000000] StringPropertyStore[neostore.relationshiptypestore.db.names]: used=1 high=0
                                                                [system/00000000] RelationshipTypeStore[neostore.relationshiptypestore.db]: used=0 high=-1
                                                                [system/00000000] StringPropertyStore[neostore.labeltokenstore.db.names]: used=1 high=0
                                                                [system/00000000] LabelTokenStore[neostore.labeltokenstore.db]: used=0 high=-1
                                                                [system/00000000] SchemaStore[neostore.schemastore.db]: used=1 high=0
                                                                [system/00000000] RelationshipGroupStore[neostore.relationshipgroupstore.db]: used=1 high=0
                                                                [system/00000000] NeoStore[neostore]: used=-1 high=-1
                                                                [system/00000000] 
                                                                [system/00000000] --------------------------------------------------------------------------------
                                                                [system/00000000]                                   [ Metadata ]                                  
                                                                [system/00000000] --------------------------------------------------------------------------------
                                                                [system/00000000] EXTERNAL_STORE_UUID (Database identifier exposed as external store identity. Generated on creation and never updated): 0569c06e-ae87-450a-988d-34162eadbbc4
                                                                [system/00000000] DATABASE_ID (The last used DatabaseId for this database): null
                                                                [system/00000000] LEGACY_STORE_VERSION (Legacy store format version. This field is used from 5.0 onwards only to distinguish non-migrated pre 5.0 metadata stores.): -3523014627327384477
                                                                [system/00000000] STORE_ID (Store ID): StoreId{creationTime=1703278398514, random=-770363001644784696, storageEngineName='record', formatName='aligned', majorVersion=1, minorVersion=1}
                                                                [system/00000000] 
2023-12-22 20:53:18.625+0000 INFO  [o.n.k.a.DatabaseAvailabilityGuard] [system/00000000] Requirement `Database unavailable` makes database system unavailable.
2023-12-22 20:53:18.625+0000 INFO  [o.n.k.a.DatabaseAvailabilityGuard] [system/00000000] DatabaseId{00000000[system]} is unavailable.
2023-12-22 20:53:18.635+0000 WARN  [o.n.k.i.s.MetaDataStore] [system/00000000] Missing counts store, rebuilding it.
2023-12-22 20:53:18.638+0000 WARN  [o.n.k.i.s.MetaDataStore] [system/00000000] Counts store rebuild completed.
2023-12-22 20:53:18.649+0000 INFO  [o.n.k.d.Database] [system/00000000] Starting transaction log [/var/lib/neo4j/data/transactions/system/neostore.transaction.db.0] at version=0
2023-12-22 20:53:18.659+0000 INFO  [o.n.k.d.Database] [system/00000000] Starting transaction log [/var/lib/neo4j/data/transactions/system/checkpoint.0] at version=0
2023-12-22 20:53:18.664+0000 INFO  [o.n.k.i.t.l.f.c.CheckpointLogFile] [system/00000000] Scanning log file with version 0 for checkpoint entries
2023-12-22 20:53:18.861+0000 INFO  [o.n.k.a.DatabaseAvailabilityGuard] [system/00000000] Fulfilling of requirement 'Database unavailable' makes database system available.
2023-12-22 20:53:18.865+0000 INFO  [o.n.k.a.DatabaseAvailabilityGuard] [system/00000000] DatabaseId{00000000[system]} is ready.
2023-12-22 20:53:19.007+0000 INFO  [o.n.k.i.a.i.IndexPopulationJob] [system/00000000] Index population started: [Index( id=1, name='index_343aff4e', type='LOOKUP', schema=(:<any-labels>), indexProvider='token-lookup-1.0' )]
2023-12-22 20:53:19.051+0000 INFO  [o.n.k.i.a.i.IndexPopulationJob] [system/00000000] Index creation finished for index [Index( id=1, name='index_343aff4e', type='LOOKUP', schema=(:<any-labels>), indexProvider='token-lookup-1.0' )].
2023-12-22 20:53:19.060+0000 INFO  [o.n.k.i.a.i.IndexPopulationJob] [system/00000000] Index population started: [Index( id=2, name='index_f7700477', type='LOOKUP', schema=()-[:<any-types>]-(), indexProvider='token-lookup-1.0' )]
2023-12-22 20:53:19.075+0000 INFO  [o.n.k.i.a.i.IndexPopulationJob] [system/00000000] Index creation finished for index [Index( id=2, name='index_f7700477', type='LOOKUP', schema=()-[:<any-types>]-(), indexProvider='token-lookup-1.0' )].
2023-12-22 20:53:19.130+0000 INFO  [o.n.k.i.a.i.IndexPopulationJob] [system/00000000] Index population started: [Index( id=3, name='constraint_798238d6', type='RANGE', schema=(:DatabaseName {name, namespace}), indexProvider='range-1.0' )]
2023-12-22 20:53:19.157+0000 INFO  [o.n.k.i.a.i.IndexPopulationJob] [system/00000000] Index creation finished for index [Index( id=3, name='constraint_798238d6', type='RANGE', schema=(:DatabaseName {name, namespace}), indexProvider='range-1.0' )].
2023-12-22 20:53:19.169+0000 INFO  [o.n.k.i.a.i.IndexPopulationJob] [system/00000000] Index population started: [Index( id=4, name='constraint_8014b60a', type='RANGE', schema=(:Database {name}), indexProvider='range-1.0' )]
2023-12-22 20:53:19.188+0000 INFO  [o.n.k.i.a.i.IndexPopulationJob] [system/00000000] Index creation finished for index [Index( id=4, name='constraint_8014b60a', type='RANGE', schema=(:Database {name}), indexProvider='range-1.0' )].
2023-12-22 20:53:19.206+0000 INFO  [o.n.k.i.a.i.IndexingService] [system/00000000] Constraint Index( id=3, name='constraint_798238d6', type='RANGE', schema=(:Label[1] {PropertyKey[11], PropertyKey[12]}), indexProvider='range-1.0' ) is ONLINE.
2023-12-22 20:53:19.207+0000 INFO  [o.n.k.i.a.i.IndexingService] [system/00000000] Constraint Index( id=4, name='constraint_8014b60a', type='RANGE', schema=(:Label[2] {PropertyKey[11]}), indexProvider='range-1.0' ) is ONLINE.
2023-12-22 20:53:19.298+0000 INFO  [o.n.k.i.a.i.IndexPopulationJob] [system/00000000] Index population started: [Index( id=7, name='constraint_5789ae3', type='RANGE', schema=(:User {name}), indexProvider='range-1.0' )]
2023-12-22 20:53:19.315+0000 INFO  [o.n.k.i.a.i.IndexPopulationJob] [system/00000000] Index creation finished for index [Index( id=7, name='constraint_5789ae3', type='RANGE', schema=(:User {name}), indexProvider='range-1.0' )].
2023-12-22 20:53:19.327+0000 INFO  [o.n.k.i.a.i.IndexPopulationJob] [system/00000000] Index population started: [Index( id=8, name='constraint_74fad970', type='RANGE', schema=(:User {id}), indexProvider='range-1.0' )]
2023-12-22 20:53:19.344+0000 INFO  [o.n.k.i.a.i.IndexPopulationJob] [system/00000000] Index creation finished for index [Index( id=8, name='constraint_74fad970', type='RANGE', schema=(:User {id}), indexProvider='range-1.0' )].
2023-12-22 20:53:19.354+0000 INFO  [o.n.k.i.a.i.IndexingService] [system/00000000] Constraint Index( id=7, name='constraint_5789ae3', type='RANGE', schema=(:Label[3] {PropertyKey[11]}), indexProvider='range-1.0' ) is ONLINE.
2023-12-22 20:53:19.354+0000 INFO  [o.n.k.i.a.i.IndexingService] [system/00000000] Constraint Index( id=8, name='constraint_74fad970', type='RANGE', schema=(:Label[3] {PropertyKey[25]}), indexProvider='range-1.0' ) is ONLINE.
2023-12-22 20:53:19.357+0000 INFO  [o.n.s.s.s.UserSecurityGraphComponent] Initializing system graph model for component 'security-users' with version -1 and status UNINITIALIZED
2023-12-22 20:53:19.363+0000 INFO  [o.n.s.s.s.UserSecurityGraphComponent] Setting up initial user from `auth.ini` file: neo4j
2023-12-22 20:53:19.364+0000 INFO  [o.n.s.s.a.CommunitySecurityModule] CREATE USER neo4j PASSWORD ****** CHANGE NOT REQUIRED
2023-12-22 20:53:19.374+0000 INFO  [o.n.s.s.s.UserSecurityGraphComponent] Setting version for 'security-users' to 4
2023-12-22 20:53:19.377+0000 INFO  [o.n.s.s.s.UserSecurityGraphComponent] After initialization of system graph model component 'security-users' have version 4 and status CURRENT
2023-12-22 20:53:19.380+0000 INFO  [o.n.s.s.s.UserSecurityGraphComponent] Performing postInitialization step for component 'security-users' with version 4 and status CURRENT
2023-12-22 20:53:19.383+0000 INFO  [o.n.d.d.DatabaseLifecycles] Creating 'DatabaseId{51a23ab6[neo4j]}'.
2023-12-22 20:53:19.388+0000 INFO  [o.n.d.d.DatabaseLifecycles] Starting 'DatabaseId{51a23ab6[neo4j]}'.
2023-12-22 20:53:19.405+0000 INFO  [o.n.k.i.s.f.RecordFormatSelector] [neo4j/51a23ab6] Selected configured format for store /var/lib/neo4j/data/databases/neo4j: RecordFormat:PageAlignedV5_0[aligned-1.1]
2023-12-22 20:53:19.517+0000 INFO  [o.n.i.d.DiagnosticsManager] [neo4j/51a23ab6] 
                                                                [neo4j/51a23ab6] ********************************************************************************
                                                                [neo4j/51a23ab6]                               [ Database: neo4j ]                               
                                                                [neo4j/51a23ab6] ********************************************************************************
                                                                [neo4j/51a23ab6] --------------------------------------------------------------------------------
                                                                [neo4j/51a23ab6]                                   [ Version ]                                   
                                                                [neo4j/51a23ab6] --------------------------------------------------------------------------------
                                                                [neo4j/51a23ab6] DBMS: community record-aligned-1.1
                                                                [neo4j/51a23ab6] Kernel version: 5.6.0
                                                                [neo4j/51a23ab6] 
                                                                [neo4j/51a23ab6] --------------------------------------------------------------------------------
                                                                [neo4j/51a23ab6]                                 [ Store files ]                                 
                                                                [neo4j/51a23ab6] --------------------------------------------------------------------------------
                                                                [neo4j/51a23ab6] Disk space on partition (Total / Free / Free %): 994662584320 / 503862824960 / 50
                                                                [neo4j/51a23ab6] Storage files stored on file store: fuse.grpcfuse
                                                                [neo4j/51a23ab6] Storage files: (filename : modification date - size)
                                                                [neo4j/51a23ab6]   neostore: 2023-12-22 20:53:19.492+0000 - 8.000KiB
                                                                [neo4j/51a23ab6]   neostore.counts.db: 2023-12-22 20:53:19.494+0000 - 0B
                                                                [neo4j/51a23ab6]   neostore.indexstats.db: 2023-12-22 20:53:19.499+0000 - 0B
                                                                [neo4j/51a23ab6]   neostore.labeltokenstore.db: 2023-12-22 20:53:19.473+0000 - 0B
                                                                [neo4j/51a23ab6]   neostore.labeltokenstore.db.id: 2023-12-22 20:53:19.472+0000 - 0B
                                                                [neo4j/51a23ab6]   neostore.labeltokenstore.db.names: 2023-12-22 20:53:19.468+0000 - 8.000KiB
                                                                [neo4j/51a23ab6]   neostore.labeltokenstore.db.names.id: 2023-12-22 20:53:19.465+0000 - 0B
                                                                [neo4j/51a23ab6]   neostore.nodestore.db: 2023-12-22 20:53:19.416+0000 - 0B
                                                                [neo4j/51a23ab6]   neostore.nodestore.db.id: 2023-12-22 20:53:19.414+0000 - 0B
                                                                [neo4j/51a23ab6]   neostore.nodestore.db.labels: 2023-12-22 20:53:19.411+0000 - 8.000KiB
                                                                [neo4j/51a23ab6]   neostore.nodestore.db.labels.id: 2023-12-22 20:53:19.408+0000 - 0B
                                                                [neo4j/51a23ab6]   neostore.propertystore.db: 2023-12-22 20:53:19.444+0000 - 0B
                                                                [neo4j/51a23ab6]   neostore.propertystore.db.arrays: 2023-12-22 20:53:19.439+0000 - 8.000KiB
                                                                [neo4j/51a23ab6]   neostore.propertystore.db.arrays.id: 2023-12-22 20:53:19.436+0000 - 0B
                                                                [neo4j/51a23ab6]   neostore.propertystore.db.id: 2023-12-22 20:53:19.442+0000 - 0B
                                                                [neo4j/51a23ab6]   neostore.propertystore.db.index: 2023-12-22 20:53:19.428+0000 - 0B
                                                                [neo4j/51a23ab6]   neostore.propertystore.db.index.id: 2023-12-22 20:53:19.425+0000 - 0B
                                                                [neo4j/51a23ab6]   neostore.propertystore.db.index.keys: 2023-12-22 20:53:19.422+0000 - 8.000KiB
                                                                [neo4j/51a23ab6]   neostore.propertystore.db.index.keys.id: 2023-12-22 20:53:19.419+0000 - 0B
                                                                [neo4j/51a23ab6]   neostore.propertystore.db.strings: 2023-12-22 20:53:19.434+0000 - 8.000KiB
                                                                [neo4j/51a23ab6]   neostore.propertystore.db.strings.id: 2023-12-22 20:53:19.431+0000 - 0B
                                                                [neo4j/51a23ab6]   neostore.relationshipgroupstore.db: 2023-12-22 20:53:19.488+0000 - 8.000KiB
                                                                [neo4j/51a23ab6]   neostore.relationshipgroupstore.db.id: 2023-12-22 20:53:19.484+0000 - 0B
                                                                [neo4j/51a23ab6]   neostore.relationshipgroupstore.degrees.db: 2023-12-22 20:53:19.496+0000 - 0B
                                                                [neo4j/51a23ab6]   neostore.relationshipstore.db: 2023-12-22 20:53:19.449+0000 - 0B
                                                                [neo4j/51a23ab6]   neostore.relationshipstore.db.id: 2023-12-22 20:53:19.448+0000 - 0B
                                                                [neo4j/51a23ab6]   neostore.relationshiptypestore.db: 2023-12-22 20:53:19.461+0000 - 0B
                                                                [neo4j/51a23ab6]   neostore.relationshiptypestore.db.id: 2023-12-22 20:53:19.460+0000 - 0B
                                                                [neo4j/51a23ab6]   neostore.relationshiptypestore.db.names: 2023-12-22 20:53:19.457+0000 - 8.000KiB
                                                                [neo4j/51a23ab6]   neostore.relationshiptypestore.db.names.id: 2023-12-22 20:53:19.453+0000 - 0B
                                                                [neo4j/51a23ab6]   neostore.schemastore.db: 2023-12-22 20:53:19.481+0000 - 8.000KiB
                                                                [neo4j/51a23ab6]   neostore.schemastore.db.id: 2023-12-22 20:53:19.477+0000 - 0B
                                                                [neo4j/51a23ab6] Storage summary: 
                                                                [neo4j/51a23ab6]   Total size of store: 72.00KiB
                                                                [neo4j/51a23ab6]   Total size of mapped files: 72.00KiB
                                                                [neo4j/51a23ab6] 
                                                                [neo4j/51a23ab6] --------------------------------------------------------------------------------
                                                                [neo4j/51a23ab6]                               [ Transaction log ]                               
                                                                [neo4j/51a23ab6] --------------------------------------------------------------------------------
                                                                [neo4j/51a23ab6] Transaction log files stored on file store: fuse.grpcfuse
                                                                [neo4j/51a23ab6] Transaction log metadata:
                                                                [neo4j/51a23ab6]  - current kernel version used in transactions: V5_0
                                                                [neo4j/51a23ab6]  - last committed transaction id: 1
                                                                [neo4j/51a23ab6] Transaction log files:
                                                                [neo4j/51a23ab6]  - existing transaction log versions: -1--1
                                                                [neo4j/51a23ab6]  - no transactions found
                                                                [neo4j/51a23ab6] Checkpoint log files:
                                                                [neo4j/51a23ab6]  - existing checkpoint log versions: -1--1
                                                                [neo4j/51a23ab6]  - no checkpoints found
                                                                [neo4j/51a23ab6] 
                                                                [neo4j/51a23ab6] --------------------------------------------------------------------------------
                                                                [neo4j/51a23ab6]                                   [ Id usage ]                                  
                                                                [neo4j/51a23ab6] --------------------------------------------------------------------------------
                                                                [neo4j/51a23ab6] ArrayPropertyStore[neostore.nodestore.db.labels]: used=1 high=0
                                                                [neo4j/51a23ab6] NodeStore[neostore.nodestore.db]: used=0 high=-1
                                                                [neo4j/51a23ab6] StringPropertyStore[neostore.propertystore.db.index.keys]: used=1 high=0
                                                                [neo4j/51a23ab6] PropertyIndexStore[neostore.propertystore.db.index]: used=0 high=-1
                                                                [neo4j/51a23ab6] StringPropertyStore[neostore.propertystore.db.strings]: used=1 high=0
                                                                [neo4j/51a23ab6] ArrayPropertyStore[neostore.propertystore.db.arrays]: used=1 high=0
                                                                [neo4j/51a23ab6] PropertyStore[neostore.propertystore.db]: used=0 high=-1
                                                                [neo4j/51a23ab6] RelationshipStore[neostore.relationshipstore.db]: used=0 high=-1
                                                                [neo4j/51a23ab6] StringPropertyStore[neostore.relationshiptypestore.db.names]: used=1 high=0
                                                                [neo4j/51a23ab6] RelationshipTypeStore[neostore.relationshiptypestore.db]: used=0 high=-1
                                                                [neo4j/51a23ab6] StringPropertyStore[neostore.labeltokenstore.db.names]: used=1 high=0
                                                                [neo4j/51a23ab6] LabelTokenStore[neostore.labeltokenstore.db]: used=0 high=-1
                                                                [neo4j/51a23ab6] SchemaStore[neostore.schemastore.db]: used=1 high=0
                                                                [neo4j/51a23ab6] RelationshipGroupStore[neostore.relationshipgroupstore.db]: used=1 high=0
                                                                [neo4j/51a23ab6] NeoStore[neostore]: used=-1 high=-1
                                                                [neo4j/51a23ab6] 
                                                                [neo4j/51a23ab6] --------------------------------------------------------------------------------
                                                                [neo4j/51a23ab6]                                   [ Metadata ]                                  
                                                                [neo4j/51a23ab6] --------------------------------------------------------------------------------
                                                                [neo4j/51a23ab6] EXTERNAL_STORE_UUID (Database identifier exposed as external store identity. Generated on creation and never updated): 276be68c-bad9-4bf7-9938-ee056c1efba9
                                                                [neo4j/51a23ab6] DATABASE_ID (The last used DatabaseId for this database): null
                                                                [neo4j/51a23ab6] LEGACY_STORE_VERSION (Legacy store format version. This field is used from 5.0 onwards only to distinguish non-migrated pre 5.0 metadata stores.): -3523014627327384477
                                                                [neo4j/51a23ab6] STORE_ID (Store ID): StoreId{creationTime=1703278399493, random=7267435724553517337, storageEngineName='record', formatName='aligned', majorVersion=1, minorVersion=1}
                                                                [neo4j/51a23ab6] 
2023-12-22 20:53:19.523+0000 INFO  [o.n.k.a.DatabaseAvailabilityGuard] [neo4j/51a23ab6] Requirement `Database unavailable` makes database neo4j unavailable.
2023-12-22 20:53:19.524+0000 INFO  [o.n.k.a.DatabaseAvailabilityGuard] [neo4j/51a23ab6] DatabaseId{51a23ab6[neo4j]} is unavailable.
2023-12-22 20:53:19.530+0000 WARN  [o.n.k.i.s.MetaDataStore] [neo4j/51a23ab6] Missing counts store, rebuilding it.
2023-12-22 20:53:19.530+0000 WARN  [o.n.k.i.s.MetaDataStore] [neo4j/51a23ab6] Counts store rebuild completed.
2023-12-22 20:53:19.538+0000 INFO  [o.n.k.d.Database] [neo4j/51a23ab6] Starting transaction log [/var/lib/neo4j/data/transactions/neo4j/neostore.transaction.db.0] at version=0
2023-12-22 20:53:19.545+0000 INFO  [o.n.k.d.Database] [neo4j/51a23ab6] Starting transaction log [/var/lib/neo4j/data/transactions/neo4j/checkpoint.0] at version=0
2023-12-22 20:53:19.550+0000 INFO  [o.n.k.i.t.l.f.c.CheckpointLogFile] [neo4j/51a23ab6] Scanning log file with version 0 for checkpoint entries
2023-12-22 20:53:19.563+0000 INFO  [o.n.k.a.DatabaseAvailabilityGuard] [neo4j/51a23ab6] Fulfilling of requirement 'Database unavailable' makes database neo4j available.
2023-12-22 20:53:19.564+0000 INFO  [o.n.k.a.DatabaseAvailabilityGuard] [neo4j/51a23ab6] DatabaseId{51a23ab6[neo4j]} is ready.
2023-12-22 20:53:19.568+0000 INFO  [o.n.k.i.a.i.IndexPopulationJob] [neo4j/51a23ab6] Index population started: [Index( id=1, name='index_343aff4e', type='LOOKUP', schema=(:<any-labels>), indexProvider='token-lookup-1.0' )]
2023-12-22 20:53:19.593+0000 INFO  [o.n.k.i.a.i.IndexPopulationJob] [neo4j/51a23ab6] Index creation finished for index [Index( id=1, name='index_343aff4e', type='LOOKUP', schema=(:<any-labels>), indexProvider='token-lookup-1.0' )].
2023-12-22 20:53:19.599+0000 INFO  [o.n.k.i.a.i.IndexPopulationJob] [neo4j/51a23ab6] Index population started: [Index( id=2, name='index_f7700477', type='LOOKUP', schema=()-[:<any-types>]-(), indexProvider='token-lookup-1.0' )]
2023-12-22 20:53:19.613+0000 INFO  [o.n.k.i.a.i.IndexPopulationJob] [neo4j/51a23ab6] Index creation finished for index [Index( id=2, name='index_f7700477', type='LOOKUP', schema=()-[:<any-types>]-(), indexProvider='token-lookup-1.0' )].
2023-12-22 20:53:20.569+0000 INFO  [o.n.b.p.c.c.n.SocketNettyConnector] Bolt enabled on 0.0.0.0:7687.
2023-12-22 20:53:20.573+0000 INFO  [o.n.b.BoltServer] Bolt server started
2023-12-22 20:53:20.577+0000 INFO  [o.n.s.A.ServerComponentsLifecycleAdapter] Starting web server
2023-12-22 20:53:20.916+0000 INFO  [o.n.s.CommunityNeoWebServer] Remote interface available at http://localhost:7474/
2023-12-22 20:53:20.919+0000 INFO  [o.n.s.A.ServerComponentsLifecycleAdapter] Web server started.
2023-12-22 20:53:20.926+0000 INFO  [o.n.g.f.DatabaseManagementServiceFactory] id: 5D23438AB0F03A38968D53E18AC40F00EA8FA693ABB098068D70DC3887114923
2023-12-22 20:53:20.931+0000 INFO  [o.n.g.f.DatabaseManagementServiceFactory] name: system
2023-12-22 20:53:20.934+0000 INFO  [o.n.g.f.DatabaseManagementServiceFactory] creationDate: 2023-12-22T20:53:18.514Z
2023-12-22 21:15:49.872+0000 INFO  [o.n.k.i.t.l.c.CheckPointerImpl] [neo4j/51a23ab6] Checkpoint triggered by "Scheduled checkpoint for every 15 minutes threshold" @ txId: 3 checkpoint started...
2023-12-22 21:15:50.036+0000 INFO  [o.n.k.i.t.l.c.CheckPointerImpl] [neo4j/51a23ab6] Checkpoint triggered by "Scheduled checkpoint for every 15 minutes threshold" @ txId: 3 checkpoint completed in 140ms. Checkpoint flushed 74 pages (0% of total available pages), in 57 IOs. Checkpoint performed with IO limit: unlimited, paused in total 0 times( 0 millis).
2023-12-22 21:15:50.038+0000 INFO  [o.n.k.i.t.l.p.LogPruningImpl] [neo4j/51a23ab6] No log version pruned. The strategy used was '104857600 size'. 
2023-12-22 21:20:59.142+0000 INFO  [o.n.k.i.t.l.c.CheckPointerImpl] [system/00000000] Checkpoint triggered by "Scheduled checkpoint for every 15 minutes threshold" @ txId: 36 checkpoint started...
2023-12-22 21:20:59.362+0000 INFO  [o.n.k.i.t.l.c.CheckPointerImpl] [system/00000000] Checkpoint triggered by "Scheduled checkpoint for every 15 minutes threshold" @ txId: 36 checkpoint completed in 200ms. Checkpoint flushed 103 pages (0% of total available pages), in 86 IOs. Checkpoint performed with IO limit: unlimited, paused in total 0 times( 0 millis).
2023-12-22 21:20:59.363+0000 INFO  [o.n.k.i.t.l.p.LogPruningImpl] [system/00000000] No log version pruned. The strategy used was '104857600 size'. 
